<?xml version="1.0" encoding="UTF-8"?>
<testng-results ignored="0" total="2" passed="2" failed="0" skipped="0">
  <reporter-output>
  </reporter-output>
  <suite started-at="2025-03-26T09:24:15 IST" name="PlaywrightTestSuite" finished-at="2025-03-26T09:24:32 IST" duration-ms="16472">
    <groups>
    </groups>
    <test started-at="2025-03-26T09:24:15 IST" name="Login Tests" finished-at="2025-03-26T09:24:32 IST" duration-ms="16472">
      <class name="tests.LoginTest">
        <test-method is-config="true" signature="setupReport()[pri:0, instance:tests.LoginTest@659499f1]" started-at="2025-03-26T09:24:15 IST" name="setupReport" finished-at="2025-03-26T09:24:15 IST" duration-ms="292" status="PASS">
          <reporter-output>
          </reporter-output>
        </test-method> <!-- setupReport -->
        <test-method is-config="true" signature="setup()[pri:0, instance:tests.LoginTest@659499f1]" started-at="2025-03-26T09:24:15 IST" name="setup" finished-at="2025-03-26T09:24:23 IST" duration-ms="8067" status="PASS">
          <reporter-output>
          </reporter-output>
        </test-method> <!-- setup -->
        <test-method signature="testInvalidLogin()[pri:0, instance:tests.LoginTest@659499f1]" started-at="2025-03-26T09:24:23 IST" name="testInvalidLogin" finished-at="2025-03-26T09:24:28 IST" duration-ms="4565" status="PASS">
          <reporter-output>
          </reporter-output>
        </test-method> <!-- testInvalidLogin -->
        <test-method signature="testValidLogin()[pri:0, instance:tests.LoginTest@659499f1]" started-at="2025-03-26T09:24:28 IST" name="testValidLogin" finished-at="2025-03-26T09:24:31 IST" duration-ms="3327" status="PASS">
          <reporter-output>
          </reporter-output>
        </test-method> <!-- testValidLogin -->
        <test-method is-config="true" signature="tearDown()[pri:0, instance:tests.LoginTest@659499f1]" started-at="2025-03-26T09:24:31 IST" name="tearDown" finished-at="2025-03-26T09:24:32 IST" duration-ms="472" status="PASS">
          <reporter-output>
          </reporter-output>
        </test-method> <!-- tearDown -->
        <test-method is-config="true" signature="flushReport()[pri:0, instance:tests.LoginTest@659499f1]" started-at="2025-03-26T09:24:32 IST" name="flushReport" finished-at="2025-03-26T09:24:32 IST" duration-ms="322" status="PASS">
          <reporter-output>
          </reporter-output>
        </test-method> <!-- flushReport -->
      </class> <!-- tests.LoginTest -->
    </test> <!-- Login Tests -->
  </suite> <!-- PlaywrightTestSuite -->
</testng-results>
