<?xml version="1.0" encoding="UTF-8"?>
<!-- Generated by org.testng.reporters.JUnitXMLReporter -->
<testsuite ignored="0" hostname="Abhishek" failures="1" tests="3" name="Login Tests" time="24.343" errors="0" timestamp="2025-03-26T10:38:47 IST">
  <testcase classname="tests.LoginTest" name="testInvalidLogin" time="4.746"/>
  <testcase classname="tests.LoginTest" name="testValidLogin" time="4.393"/>
  <testcase classname="tests.DashBoardTest" name="testDashboardPageTitle" time="4.669">
    <failure type="java.lang.AssertionError" message="Not able to verify page header expected [true] but found [false]">
      <![CDATA[java.lang.AssertionError: Not able to verify page header expected [true] but found [false]
at tests.DashBoardTest.testDashboardPageTitle(DashBoardTest.java:71)
at java.base/java.util.ArrayList.forEach(ArrayList.java:1597)
... Removed 32 stack frames]]>
    </failure>
  </testcase> <!-- testDashboardPageTitle -->
</testsuite> <!-- Login Tests -->
